Starting auto_commit script...
Adding changes...
Committing changes...
[main dff8135] Auto commit on Sun Oct  5 19:24:20 UTC 2025
 3 files changed, 3 insertions(+), 1 deletion(-)
 mode change 100644 => 100755 .devcontainer/auto_commit.sh
 create mode 100644 auto_commit.log
Sleeping for 3 minutes...

Adding changes...
Committing changes...
[main b7b3a48] Auto commit on Sun Oct  5 19:27:20 UTC 2025
 7 files changed, 19 insertions(+), 11 deletions(-)
 rename gp_cover_txt.html => gp_cover.html (96%)
 rename gp_layout_txt.css => gp_layout.css (88%)
 rename gp_page1_txt.html => gp_page1.html (95%)
 rename gp_page2_txt.html => gp_page2.html (95%)
 rename gp_page3_txt.html => gp_page3.html (95%)
 rename gp_print_txt.css => gp_print.css (78%)
Sleeping for 3 minutes...

Adding changes...
Committing changes...
[main ca4f401] Auto commit on Sun Oct  5 19:30:20 UTC 2025
 2 files changed, 3 insertions(+), 1 deletion(-)
Sleeping for 3 minutes...

Adding changes...
Committing changes...
[main 9fbf3ea] Auto commit on Sun Oct  5 19:33:20 UTC 2025
 1 file changed, 1 insertion(+)
Sleeping for 3 minutes...

Adding changes...
Committing changes...
[main 3ed1c0a] Auto commit on Sun Oct  5 19:36:20 UTC 2025
 2 files changed, 21 insertions(+), 2 deletions(-)
Sleeping for 3 minutes...

Adding changes...
Committing changes...
[main a34e763] Auto commit on Sun Oct  5 19:39:20 UTC 2025
 2 files changed, 22 insertions(+)
Sleeping for 3 minutes...

Adding changes...
Committing changes...
[main cfce5b0] Auto commit on Sun Oct  5 19:42:20 UTC 2025
 1 file changed, 1 insertion(+)
Sleeping for 3 minutes...

Adding changes...
Committing changes...
[main 3d471e5] Auto commit on Sun Oct  5 19:45:20 UTC 2025
 2 files changed, 16 insertions(+), 2 deletions(-)
Sleeping for 3 minutes...

Adding changes...
